<?xml version="1.0" encoding="UTF-8"?>
<coverage generated="1550803156006" clover="3.2.0">
  <project timestamp="1550803156007" name="All files">
    <metrics statements="62" coveredstatements="55" conditionals="27" coveredconditionals="18" methods="25" coveredmethods="19" elements="114" coveredelements="92" complexity="0" loc="62" ncloc="62" packages="6" files="13" classes="13"/>
    <package name="src">
      <metrics statements="17" coveredstatements="13" conditionals="8" coveredconditionals="5" methods="10" coveredmethods="5"/>
      <file name="AdminRoutes.jsx" path="/Users/chidinmaezekwe/Desktop/store-manager-frontend/src/AdminRoutes.jsx">
        <metrics statements="5" coveredstatements="5" conditionals="4" coveredconditionals="2" methods="3" coveredmethods="2"/>
        <line num="7" count="3" type="stmt"/>
        <line num="12" count="2" type="stmt"/>
        <line num="14" count="2" type="cond" truecount="2" falsecount="2"/>
        <line num="25" count="3" type="stmt"/>
        <line num="30" count="3" type="stmt"/>
      </file>
      <file name="App.jsx" path="/Users/chidinmaezekwe/Desktop/store-manager-frontend/src/App.jsx">
        <metrics statements="5" coveredstatements="1" conditionals="0" coveredconditionals="0" methods="3" coveredmethods="0"/>
        <line num="13" count="0" type="stmt"/>
        <line num="14" count="0" type="stmt"/>
        <line num="18" count="0" type="stmt"/>
        <line num="19" count="0" type="stmt"/>
        <line num="32" count="1" type="stmt"/>
      </file>
      <file name="AttendantRoutes.jsx" path="/Users/chidinmaezekwe/Desktop/store-manager-frontend/src/AttendantRoutes.jsx">
        <metrics statements="5" coveredstatements="5" conditionals="4" coveredconditionals="3" methods="3" coveredmethods="2"/>
        <line num="7" count="3" type="stmt"/>
        <line num="12" count="2" type="stmt"/>
        <line num="14" count="2" type="cond" truecount="3" falsecount="1"/>
        <line num="25" count="3" type="stmt"/>
        <line num="30" count="3" type="stmt"/>
      </file>
      <file name="Routes.jsx" path="/Users/chidinmaezekwe/Desktop/store-manager-frontend/src/Routes.jsx">
        <metrics statements="2" coveredstatements="2" conditionals="0" coveredconditionals="0" methods="1" coveredmethods="1"/>
        <line num="8" count="2" type="stmt"/>
        <line num="9" count="1" type="stmt"/>
      </file>
    </package>
    <package name="src.actions">
      <metrics statements="25" coveredstatements="23" conditionals="8" coveredconditionals="4" methods="5" coveredmethods="5"/>
      <file name="types.js" path="/Users/chidinmaezekwe/Desktop/store-manager-frontend/src/actions/types.js">
        <metrics statements="3" coveredstatements="3" conditionals="0" coveredconditionals="0" methods="0" coveredmethods="0"/>
        <line num="1" count="5" type="stmt"/>
        <line num="2" count="5" type="stmt"/>
        <line num="3" count="5" type="stmt"/>
      </file>
      <file name="usersAction.js" path="/Users/chidinmaezekwe/Desktop/store-manager-frontend/src/actions/usersAction.js">
        <metrics statements="22" coveredstatements="20" conditionals="8" coveredconditionals="4" methods="5" coveredmethods="5"/>
        <line num="15" count="4" type="stmt"/>
        <line num="19" count="4" type="stmt"/>
        <line num="24" count="4" type="stmt"/>
        <line num="29" count="4" type="stmt"/>
        <line num="30" count="1" type="stmt"/>
        <line num="32" count="1" type="stmt"/>
        <line num="33" count="1" type="stmt"/>
        <line num="34" count="1" type="stmt"/>
        <line num="36" count="1" type="stmt"/>
        <line num="38" count="1" type="stmt"/>
        <line num="39" count="1" type="stmt"/>
        <line num="40" count="1" type="stmt"/>
        <line num="41" count="1" type="stmt"/>
        <line num="42" count="1" type="cond" truecount="1" falsecount="1"/>
        <line num="43" count="1" type="cond" truecount="1" falsecount="1"/>
        <line num="44" count="1" type="stmt"/>
        <line num="45" count="0" type="stmt"/>
        <line num="48" count="1" type="cond" truecount="2" falsecount="2"/>
        <line num="50" count="0" type="stmt"/>
        <line num="52" count="1" type="stmt"/>
        <line num="54" count="1" type="stmt"/>
        <line num="55" count="1" type="stmt"/>
      </file>
    </package>
    <package name="src.components.Admin">
      <metrics statements="2" coveredstatements="2" conditionals="0" coveredconditionals="0" methods="1" coveredmethods="1"/>
      <file name="Admin.jsx" path="/Users/chidinmaezekwe/Desktop/store-manager-frontend/src/components/Admin/Admin.jsx">
        <metrics statements="2" coveredstatements="2" conditionals="0" coveredconditionals="0" methods="1" coveredmethods="1"/>
        <line num="3" count="4" type="stmt"/>
        <line num="4" count="3" type="stmt"/>
      </file>
    </package>
    <package name="src.components.Attendant">
      <metrics statements="2" coveredstatements="2" conditionals="0" coveredconditionals="0" methods="1" coveredmethods="1"/>
      <file name="Attendant.jsx" path="/Users/chidinmaezekwe/Desktop/store-manager-frontend/src/components/Attendant/Attendant.jsx">
        <metrics statements="2" coveredstatements="2" conditionals="0" coveredconditionals="0" methods="1" coveredmethods="1"/>
        <line num="3" count="4" type="stmt"/>
        <line num="4" count="3" type="stmt"/>
      </file>
    </package>
    <package name="src.components.common">
      <metrics statements="10" coveredstatements="10" conditionals="4" coveredconditionals="4" methods="7" coveredmethods="6"/>
      <file name="Footer.jsx" path="/Users/chidinmaezekwe/Desktop/store-manager-frontend/src/components/common/Footer.jsx">
        <metrics statements="2" coveredstatements="2" conditionals="0" coveredconditionals="0" methods="1" coveredmethods="1"/>
        <line num="3" count="2" type="stmt"/>
        <line num="4" count="1" type="stmt"/>
      </file>
      <file name="Login.jsx" path="/Users/chidinmaezekwe/Desktop/store-manager-frontend/src/components/common/Login.jsx">
        <metrics statements="5" coveredstatements="5" conditionals="0" coveredconditionals="0" methods="4" coveredmethods="3"/>
        <line num="12" count="1" type="stmt"/>
        <line num="16" count="1" type="stmt"/>
        <line num="20" count="1" type="stmt"/>
        <line num="26" count="4" type="stmt"/>
        <line num="70" count="3" type="stmt"/>
      </file>
      <file name="NavBar.jsx" path="/Users/chidinmaezekwe/Desktop/store-manager-frontend/src/components/common/NavBar.jsx">
        <metrics statements="2" coveredstatements="2" conditionals="4" coveredconditionals="4" methods="1" coveredmethods="1"/>
        <line num="3" count="2" type="stmt"/>
        <line num="4" count="4" type="stmt"/>
      </file>
      <file name="ProductList.jsx" path="/Users/chidinmaezekwe/Desktop/store-manager-frontend/src/components/common/ProductList.jsx">
        <metrics statements="1" coveredstatements="1" conditionals="0" coveredconditionals="0" methods="1" coveredmethods="1"/>
        <line num="5" count="1" type="stmt"/>
      </file>
    </package>
    <package name="src.reducers">
      <metrics statements="6" coveredstatements="5" conditionals="7" coveredconditionals="5" methods="1" coveredmethods="1"/>
      <file name="userReducer.js" path="/Users/chidinmaezekwe/Desktop/store-manager-frontend/src/reducers/userReducer.js">
        <metrics statements="6" coveredstatements="5" conditionals="7" coveredconditionals="5" methods="1" coveredmethods="1"/>
        <line num="7" count="1" type="stmt"/>
        <line num="17" count="3" type="cond" truecount="3" falsecount="1"/>
        <line num="19" count="1" type="stmt"/>
        <line num="24" count="1" type="stmt"/>
        <line num="31" count="1" type="stmt"/>
        <line num="37" count="0" type="stmt"/>
      </file>
    </package>
  </project>
</coverage>
