{"/Users/chidinmaezekwe/Desktop/store-manager-frontend/src/App.jsx": {"path":"/Users/chidinmaezekwe/Desktop/store-manager-frontend/src/App.jsx","statementMap":{"0":{"start":{"line":7,"column":4},"end":{"line":9,"column":6}}},"fnMap":{"0":{"name":"(anonymous_0)","decl":{"start":{"line":6,"column":2},"end":{"line":6,"column":3}},"loc":{"start":{"line":6,"column":11},"end":{"line":10,"column":3}},"line":6}},"branchMap":{},"s":{"0":1},"f":{"0":1},"b":{},"_coverageSchema":"43e27e138ebf9cfc5966b082cf9a028302ed4184","hash":"68f3409c402141ec96791b531442f5c850928dbb"}
}
