{"/Users/chidinmaezekwe/Desktop/store-manager-frontend/src/AdminRoutes.jsx": {"path":"/Users/chidinmaezekwe/Desktop/store-manager-frontend/src/AdminRoutes.jsx","statementMap":{"0":{"start":{"line":7,"column":27},"end":{"line":23,"column":1}},"1":{"start":{"line":12,"column":4},"end":{"line":22,"column":6}},"2":{"start":{"line":14,"column":26},"end":{"line":21,"column":33}},"3":{"start":{"line":25,"column":0},"end":{"line":28,"column":2}},"4":{"start":{"line":30,"column":24},"end":{"line":32,"column":2}},"5":{"start":{"line":30,"column":34},"end":{"line":32,"column":1}}},"fnMap":{"0":{"name":"(anonymous_0)","decl":{"start":{"line":7,"column":27},"end":{"line":7,"column":28}},"loc":{"start":{"line":12,"column":4},"end":{"line":22,"column":6}},"line":12},"1":{"name":"(anonymous_1)","decl":{"start":{"line":14,"column":16},"end":{"line":14,"column":17}},"loc":{"start":{"line":14,"column":26},"end":{"line":21,"column":33}},"line":14},"2":{"name":"(anonymous_2)","decl":{"start":{"line":30,"column":24},"end":{"line":30,"column":25}},"loc":{"start":{"line":30,"column":34},"end":{"line":32,"column":1}},"line":30}},"branchMap":{"0":{"loc":{"start":{"line":14,"column":26},"end":{"line":21,"column":33}},"type":"cond-expr","locations":[{"start":{"line":16,"column":12},"end":{"line":19,"column":24}},{"start":{"line":21,"column":13},"end":{"line":21,"column":32}}],"line":14},"1":{"loc":{"start":{"line":14,"column":26},"end":{"line":14,"column":73}},"type":"binary-expr","locations":[{"start":{"line":14,"column":26},"end":{"line":14,"column":42}},{"start":{"line":14,"column":46},"end":{"line":14,"column":73}}],"line":14}},"s":{"0":3,"1":2,"2":2,"3":3,"4":3,"5":0},"f":{"0":2,"1":2,"2":0},"b":{"0":[0,2],"1":[2,0]},"_coverageSchema":"43e27e138ebf9cfc5966b082cf9a028302ed4184","hash":"3d08dae352c865e04287ea07160fb2d5c73ecaf7"}
,"/Users/chidinmaezekwe/Desktop/store-manager-frontend/src/App.jsx": {"path":"/Users/chidinmaezekwe/Desktop/store-manager-frontend/src/App.jsx","statementMap":{"0":{"start":{"line":13,"column":6},"end":{"line":13,"column":38}},"1":{"start":{"line":14,"column":6},"end":{"line":14,"column":31}},"2":{"start":{"line":18,"column":23},"end":{"line":18,"column":39}},"3":{"start":{"line":19,"column":6},"end":{"line":28,"column":8}},"4":{"start":{"line":32,"column":24},"end":{"line":34,"column":2}},"5":{"start":{"line":32,"column":34},"end":{"line":34,"column":1}}},"fnMap":{"0":{"name":"(anonymous_0)","decl":{"start":{"line":12,"column":19},"end":{"line":12,"column":20}},"loc":{"start":{"line":12,"column":25},"end":{"line":15,"column":5}},"line":12},"1":{"name":"(anonymous_1)","decl":{"start":{"line":17,"column":4},"end":{"line":17,"column":5}},"loc":{"start":{"line":17,"column":13},"end":{"line":29,"column":5}},"line":17},"2":{"name":"(anonymous_2)","decl":{"start":{"line":32,"column":24},"end":{"line":32,"column":25}},"loc":{"start":{"line":32,"column":34},"end":{"line":34,"column":1}},"line":32}},"branchMap":{},"s":{"0":0,"1":0,"2":0,"3":0,"4":1,"5":0},"f":{"0":0,"1":0,"2":0},"b":{},"_coverageSchema":"43e27e138ebf9cfc5966b082cf9a028302ed4184","hash":"8ee5ad3129a6bb69a38718451a8485aa42f8c26a"}
,"/Users/chidinmaezekwe/Desktop/store-manager-frontend/src/AttendantRoutes.jsx": {"path":"/Users/chidinmaezekwe/Desktop/store-manager-frontend/src/AttendantRoutes.jsx","statementMap":{"0":{"start":{"line":7,"column":31},"end":{"line":23,"column":1}},"1":{"start":{"line":12,"column":4},"end":{"line":22,"column":6}},"2":{"start":{"line":14,"column":26},"end":{"line":21,"column":33}},"3":{"start":{"line":25,"column":0},"end":{"line":28,"column":2}},"4":{"start":{"line":30,"column":24},"end":{"line":32,"column":2}},"5":{"start":{"line":30,"column":34},"end":{"line":32,"column":1}}},"fnMap":{"0":{"name":"(anonymous_0)","decl":{"start":{"line":7,"column":31},"end":{"line":7,"column":32}},"loc":{"start":{"line":12,"column":4},"end":{"line":22,"column":6}},"line":12},"1":{"name":"(anonymous_1)","decl":{"start":{"line":14,"column":16},"end":{"line":14,"column":17}},"loc":{"start":{"line":14,"column":26},"end":{"line":21,"column":33}},"line":14},"2":{"name":"(anonymous_2)","decl":{"start":{"line":30,"column":24},"end":{"line":30,"column":25}},"loc":{"start":{"line":30,"column":34},"end":{"line":32,"column":1}},"line":30}},"branchMap":{"0":{"loc":{"start":{"line":14,"column":26},"end":{"line":21,"column":33}},"type":"cond-expr","locations":[{"start":{"line":16,"column":12},"end":{"line":19,"column":24}},{"start":{"line":21,"column":13},"end":{"line":21,"column":32}}],"line":14},"1":{"loc":{"start":{"line":14,"column":26},"end":{"line":14,"column":77}},"type":"binary-expr","locations":[{"start":{"line":14,"column":26},"end":{"line":14,"column":42}},{"start":{"line":14,"column":46},"end":{"line":14,"column":77}}],"line":14}},"s":{"0":3,"1":2,"2":2,"3":3,"4":3,"5":0},"f":{"0":2,"1":2,"2":0},"b":{"0":[0,2],"1":[2,2]},"_coverageSchema":"43e27e138ebf9cfc5966b082cf9a028302ed4184","hash":"4628b89b0c2c1e7ac9eaf5e8605b46defe707357"}
,"/Users/chidinmaezekwe/Desktop/store-manager-frontend/src/Routes.jsx": {"path":"/Users/chidinmaezekwe/Desktop/store-manager-frontend/src/Routes.jsx","statementMap":{"0":{"start":{"line":8,"column":15},"end":{"line":16,"column":1}},"1":{"start":{"line":9,"column":2},"end":{"line":15,"column":11}}},"fnMap":{"0":{"name":"(anonymous_0)","decl":{"start":{"line":8,"column":15},"end":{"line":8,"column":16}},"loc":{"start":{"line":9,"column":2},"end":{"line":15,"column":11}},"line":9}},"branchMap":{},"s":{"0":2,"1":1},"f":{"0":1},"b":{},"_coverageSchema":"43e27e138ebf9cfc5966b082cf9a028302ed4184","hash":"d5e25e83dcd2db6adc71809468038dd4266eff04"}
,"/Users/chidinmaezekwe/Desktop/store-manager-frontend/src/actions/types.js": {"path":"/Users/chidinmaezekwe/Desktop/store-manager-frontend/src/actions/types.js","statementMap":{"0":{"start":{"line":1,"column":24},"end":{"line":1,"column":34}},"1":{"start":{"line":2,"column":34},"end":{"line":2,"column":54}},"2":{"start":{"line":3,"column":32},"end":{"line":3,"column":50}}},"fnMap":{},"branchMap":{},"s":{"0":5,"1":5,"2":5},"f":{},"b":{},"_coverageSchema":"43e27e138ebf9cfc5966b082cf9a028302ed4184","hash":"c0a3087965d399d68ec2f1455d9bdb34aa9967d7"}
,"/Users/chidinmaezekwe/Desktop/store-manager-frontend/src/actions/usersAction.js": {"path":"/Users/chidinmaezekwe/Desktop/store-manager-frontend/src/actions/usersAction.js","statementMap":{"0":{"start":{"line":15,"column":25},"end":{"line":17,"column":2}},"1":{"start":{"line":15,"column":32},"end":{"line":17,"column":1}},"2":{"start":{"line":19,"column":25},"end":{"line":22,"column":2}},"3":{"start":{"line":19,"column":37},"end":{"line":22,"column":1}},"4":{"start":{"line":24,"column":25},"end":{"line":27,"column":2}},"5":{"start":{"line":24,"column":35},"end":{"line":27,"column":1}},"6":{"start":{"line":29,"column":25},"end":{"line":57,"column":1}},"7":{"start":{"line":29,"column":42},"end":{"line":57,"column":1}},"8":{"start":{"line":30,"column":2},"end":{"line":30,"column":31}},"9":{"start":{"line":32,"column":2},"end":{"line":56,"column":3}},"10":{"start":{"line":33,"column":17},"end":{"line":33,"column":65}},"11":{"start":{"line":34,"column":26},"end":{"line":34,"column":51}},"12":{"start":{"line":36,"column":23},"end":{"line":36,"column":62}},"13":{"start":{"line":38,"column":20},"end":{"line":38,"column":68}},"14":{"start":{"line":39,"column":4},"end":{"line":39,"column":46}},"15":{"start":{"line":40,"column":4},"end":{"line":40,"column":64}},"16":{"start":{"line":41,"column":4},"end":{"line":41,"column":51}},"17":{"start":{"line":42,"column":4},"end":{"line":42,"column":55}},"18":{"start":{"line":42,"column":38},"end":{"line":42,"column":55}},"19":{"start":{"line":43,"column":4},"end":{"line":45,"column":44}},"20":{"start":{"line":44,"column":6},"end":{"line":44,"column":35}},"21":{"start":{"line":45,"column":11},"end":{"line":45,"column":44}},"22":{"start":{"line":48,"column":4},"end":{"line":53,"column":5}},"23":{"start":{"line":50,"column":6},"end":{"line":50,"column":36}},"24":{"start":{"line":52,"column":6},"end":{"line":52,"column":41}},"25":{"start":{"line":54,"column":4},"end":{"line":54,"column":45}},"26":{"start":{"line":55,"column":4},"end":{"line":55,"column":55}}},"fnMap":{"0":{"name":"(anonymous_0)","decl":{"start":{"line":15,"column":25},"end":{"line":15,"column":26}},"loc":{"start":{"line":15,"column":32},"end":{"line":17,"column":1}},"line":15},"1":{"name":"(anonymous_1)","decl":{"start":{"line":19,"column":25},"end":{"line":19,"column":26}},"loc":{"start":{"line":19,"column":37},"end":{"line":22,"column":1}},"line":19},"2":{"name":"(anonymous_2)","decl":{"start":{"line":24,"column":25},"end":{"line":24,"column":26}},"loc":{"start":{"line":24,"column":35},"end":{"line":27,"column":1}},"line":24},"3":{"name":"(anonymous_3)","decl":{"start":{"line":29,"column":25},"end":{"line":29,"column":26}},"loc":{"start":{"line":29,"column":42},"end":{"line":57,"column":1}},"line":29},"4":{"name":"(anonymous_4)","decl":{"start":{"line":29,"column":42},"end":{"line":29,"column":43}},"loc":{"start":{"line":29,"column":62},"end":{"line":57,"column":1}},"line":29}},"branchMap":{"0":{"loc":{"start":{"line":42,"column":4},"end":{"line":42,"column":55}},"type":"if","locations":[{"start":{"line":42,"column":4},"end":{"line":42,"column":55}},{"start":{"line":42,"column":4},"end":{"line":42,"column":55}}],"line":42},"1":{"loc":{"start":{"line":43,"column":4},"end":{"line":45,"column":44}},"type":"if","locations":[{"start":{"line":43,"column":4},"end":{"line":45,"column":44}},{"start":{"line":43,"column":4},"end":{"line":45,"column":44}}],"line":43},"2":{"loc":{"start":{"line":48,"column":4},"end":{"line":53,"column":5}},"type":"if","locations":[{"start":{"line":48,"column":4},"end":{"line":53,"column":5}},{"start":{"line":48,"column":4},"end":{"line":53,"column":5}}],"line":48},"3":{"loc":{"start":{"line":48,"column":8},"end":{"line":49,"column":38}},"type":"binary-expr","locations":[{"start":{"line":48,"column":8},"end":{"line":48,"column":36}},{"start":{"line":49,"column":9},"end":{"line":49,"column":38}}],"line":48}},"s":{"0":4,"1":1,"2":4,"3":1,"4":4,"5":1,"6":4,"7":1,"8":1,"9":1,"10":1,"11":1,"12":1,"13":1,"14":1,"15":1,"16":1,"17":1,"18":0,"19":1,"20":1,"21":0,"22":1,"23":0,"24":1,"25":1,"26":1},"f":{"0":1,"1":1,"2":1,"3":1,"4":1},"b":{"0":[0,1],"1":[1,0],"2":[0,1],"3":[1,0]},"_coverageSchema":"43e27e138ebf9cfc5966b082cf9a028302ed4184","hash":"93409fc475891a8b937fe6059efd9bea1b499bc4"}
,"/Users/chidinmaezekwe/Desktop/store-manager-frontend/src/components/Admin/Admin.jsx": {"path":"/Users/chidinmaezekwe/Desktop/store-manager-frontend/src/components/Admin/Admin.jsx","statementMap":{"0":{"start":{"line":3,"column":14},"end":{"line":12,"column":1}},"1":{"start":{"line":4,"column":8},"end":{"line":11,"column":14}}},"fnMap":{"0":{"name":"(anonymous_0)","decl":{"start":{"line":3,"column":14},"end":{"line":3,"column":15}},"loc":{"start":{"line":4,"column":8},"end":{"line":11,"column":14}},"line":4}},"branchMap":{},"s":{"0":4,"1":3},"f":{"0":3},"b":{},"_coverageSchema":"43e27e138ebf9cfc5966b082cf9a028302ed4184","hash":"7e9ff5ad5c875b6530415b17a39c9ad068649b01"}
,"/Users/chidinmaezekwe/Desktop/store-manager-frontend/src/components/Attendant/Attendant.jsx": {"path":"/Users/chidinmaezekwe/Desktop/store-manager-frontend/src/components/Attendant/Attendant.jsx","statementMap":{"0":{"start":{"line":3,"column":18},"end":{"line":14,"column":1}},"1":{"start":{"line":4,"column":6},"end":{"line":13,"column":23}}},"fnMap":{"0":{"name":"(anonymous_0)","decl":{"start":{"line":3,"column":18},"end":{"line":3,"column":19}},"loc":{"start":{"line":4,"column":6},"end":{"line":13,"column":23}},"line":4}},"branchMap":{},"s":{"0":4,"1":3},"f":{"0":3},"b":{},"_coverageSchema":"43e27e138ebf9cfc5966b082cf9a028302ed4184","hash":"205700c0bb123ff4742c86dc9e7cac71eb64f063"}
,"/Users/chidinmaezekwe/Desktop/store-manager-frontend/src/components/common/Footer.jsx": {"path":"/Users/chidinmaezekwe/Desktop/store-manager-frontend/src/components/common/Footer.jsx","statementMap":{"0":{"start":{"line":3,"column":15},"end":{"line":7,"column":1}},"1":{"start":{"line":4,"column":4},"end":{"line":6,"column":13}}},"fnMap":{"0":{"name":"(anonymous_0)","decl":{"start":{"line":3,"column":15},"end":{"line":3,"column":16}},"loc":{"start":{"line":4,"column":4},"end":{"line":6,"column":13}},"line":4}},"branchMap":{},"s":{"0":2,"1":1},"f":{"0":1},"b":{},"_coverageSchema":"43e27e138ebf9cfc5966b082cf9a028302ed4184","hash":"35aec7e8cccc3ed9cd8843d9d5d7a950b6555983"}
,"/Users/chidinmaezekwe/Desktop/store-manager-frontend/src/components/common/Login.jsx": {"path":"/Users/chidinmaezekwe/Desktop/store-manager-frontend/src/components/common/Login.jsx","statementMap":{"0":{"start":{"line":12,"column":4},"end":{"line":12,"column":61}},"1":{"start":{"line":16,"column":20},"end":{"line":19,"column":5}},"2":{"start":{"line":20,"column":4},"end":{"line":20,"column":46}},"3":{"start":{"line":26,"column":4},"end":{"line":67,"column":6}},"4":{"start":{"line":70,"column":24},"end":{"line":72,"column":2}},"5":{"start":{"line":70,"column":34},"end":{"line":72,"column":1}}},"fnMap":{"0":{"name":"(anonymous_0)","decl":{"start":{"line":11,"column":20},"end":{"line":11,"column":21}},"loc":{"start":{"line":11,"column":31},"end":{"line":13,"column":3}},"line":11},"1":{"name":"(anonymous_1)","decl":{"start":{"line":15,"column":19},"end":{"line":15,"column":20}},"loc":{"start":{"line":15,"column":25},"end":{"line":21,"column":3}},"line":15},"2":{"name":"(anonymous_2)","decl":{"start":{"line":23,"column":2},"end":{"line":23,"column":3}},"loc":{"start":{"line":23,"column":11},"end":{"line":68,"column":3}},"line":23},"3":{"name":"(anonymous_3)","decl":{"start":{"line":70,"column":24},"end":{"line":70,"column":25}},"loc":{"start":{"line":70,"column":34},"end":{"line":72,"column":1}},"line":70}},"branchMap":{},"s":{"0":1,"1":1,"2":1,"3":4,"4":3,"5":0},"f":{"0":1,"1":1,"2":4,"3":0},"b":{},"_coverageSchema":"43e27e138ebf9cfc5966b082cf9a028302ed4184","hash":"857d4a9022ed77d8d39e01e8f25cdffdbe29f5d7"}
,"/Users/chidinmaezekwe/Desktop/store-manager-frontend/src/components/common/NavBar.jsx": {"path":"/Users/chidinmaezekwe/Desktop/store-manager-frontend/src/components/common/NavBar.jsx","statementMap":{"0":{"start":{"line":3,"column":15},"end":{"line":54,"column":1}},"1":{"start":{"line":4,"column":4},"end":{"line":53,"column":13}}},"fnMap":{"0":{"name":"(anonymous_0)","decl":{"start":{"line":3,"column":15},"end":{"line":3,"column":16}},"loc":{"start":{"line":4,"column":4},"end":{"line":53,"column":13}},"line":4}},"branchMap":{"0":{"loc":{"start":{"line":13,"column":11},"end":{"line":36,"column":11}},"type":"cond-expr","locations":[{"start":{"line":14,"column":12},"end":{"line":33,"column":17}},{"start":{"line":35,"column":12},"end":{"line":35,"column":17}}],"line":13},"1":{"loc":{"start":{"line":44,"column":15},"end":{"line":48,"column":15}},"type":"cond-expr","locations":[{"start":{"line":45,"column":16},"end":{"line":45,"column":53}},{"start":{"line":47,"column":16},"end":{"line":47,"column":46}}],"line":44}},"s":{"0":2,"1":4},"f":{"0":4},"b":{"0":[3,1],"1":[3,1]},"_coverageSchema":"43e27e138ebf9cfc5966b082cf9a028302ed4184","hash":"19ee75d2229450cfe30fd92589117f0d9737a906"}
,"/Users/chidinmaezekwe/Desktop/store-manager-frontend/src/components/common/ProductList.jsx": {"path":"/Users/chidinmaezekwe/Desktop/store-manager-frontend/src/components/common/ProductList.jsx","statementMap":{"0":{"start":{"line":5,"column":4},"end":{"line":7,"column":6}}},"fnMap":{"0":{"name":"(anonymous_0)","decl":{"start":{"line":4,"column":2},"end":{"line":4,"column":3}},"loc":{"start":{"line":4,"column":11},"end":{"line":8,"column":3}},"line":4}},"branchMap":{},"s":{"0":1},"f":{"0":1},"b":{},"_coverageSchema":"43e27e138ebf9cfc5966b082cf9a028302ed4184","hash":"55c401290ad147440bbd408247a9167d6ac049c4"}
,"/Users/chidinmaezekwe/Desktop/store-manager-frontend/src/reducers/userReducer.js": {"path":"/Users/chidinmaezekwe/Desktop/store-manager-frontend/src/reducers/userReducer.js","statementMap":{"0":{"start":{"line":7,"column":22},"end":{"line":14,"column":1}},"1":{"start":{"line":17,"column":2},"end":{"line":38,"column":3}},"2":{"start":{"line":19,"column":6},"end":{"line":22,"column":8}},"3":{"start":{"line":24,"column":6},"end":{"line":29,"column":8}},"4":{"start":{"line":31,"column":6},"end":{"line":35,"column":8}},"5":{"start":{"line":37,"column":6},"end":{"line":37,"column":19}}},"fnMap":{"0":{"name":"(anonymous_0)","decl":{"start":{"line":16,"column":15},"end":{"line":16,"column":16}},"loc":{"start":{"line":16,"column":50},"end":{"line":39,"column":1}},"line":16}},"branchMap":{"0":{"loc":{"start":{"line":9,"column":8},"end":{"line":9,"column":54}},"type":"binary-expr","locations":[{"start":{"line":9,"column":8},"end":{"line":9,"column":48}},{"start":{"line":9,"column":52},"end":{"line":9,"column":54}}],"line":9},"1":{"loc":{"start":{"line":16,"column":16},"end":{"line":16,"column":37}},"type":"default-arg","locations":[{"start":{"line":16,"column":24},"end":{"line":16,"column":37}}],"line":16},"2":{"loc":{"start":{"line":17,"column":2},"end":{"line":38,"column":3}},"type":"switch","locations":[{"start":{"line":18,"column":4},"end":{"line":22,"column":8}},{"start":{"line":23,"column":4},"end":{"line":29,"column":8}},{"start":{"line":30,"column":4},"end":{"line":35,"column":8}},{"start":{"line":36,"column":4},"end":{"line":37,"column":19}}],"line":17}},"s":{"0":1,"1":3,"2":1,"3":1,"4":1,"5":0},"f":{"0":3},"b":{"0":[1,1],"1":[0],"2":[1,1,1,0]},"_coverageSchema":"43e27e138ebf9cfc5966b082cf9a028302ed4184","hash":"2298548840e09fb41ff72015527cdef7fb0bf855"}
}
