TN:
SF:/Users/chidinmaezekwe/Desktop/store-manager-frontend/src/AdminRoutes.jsx
FN:7,(anonymous_0)
FN:14,(anonymous_1)
FN:30,(anonymous_2)
FNF:3
FNH:2
FNDA:2,(anonymous_0)
FNDA:2,(anonymous_1)
FNDA:0,(anonymous_2)
DA:7,3
DA:12,2
DA:14,2
DA:25,3
DA:30,3
LF:5
LH:5
BRDA:14,0,0,0
BRDA:14,0,1,2
BRDA:14,1,0,2
BRDA:14,1,1,0
BRF:4
BRH:2
end_of_record
TN:
SF:/Users/chidinmaezekwe/Desktop/store-manager-frontend/src/App.jsx
FN:12,(anonymous_0)
FN:17,(anonymous_1)
FN:32,(anonymous_2)
FNF:3
FNH:0
FNDA:0,(anonymous_0)
FNDA:0,(anonymous_1)
FNDA:0,(anonymous_2)
DA:13,0
DA:14,0
DA:18,0
DA:19,0
DA:32,1
LF:5
LH:1
BRF:0
BRH:0
end_of_record
TN:
SF:/Users/chidinmaezekwe/Desktop/store-manager-frontend/src/AttendantRoutes.jsx
FN:7,(anonymous_0)
FN:14,(anonymous_1)
FN:30,(anonymous_2)
FNF:3
FNH:2
FNDA:2,(anonymous_0)
FNDA:2,(anonymous_1)
FNDA:0,(anonymous_2)
DA:7,3
DA:12,2
DA:14,2
DA:25,3
DA:30,3
LF:5
LH:5
BRDA:14,0,0,0
BRDA:14,0,1,2
BRDA:14,1,0,2
BRDA:14,1,1,2
BRF:4
BRH:3
end_of_record
TN:
SF:/Users/chidinmaezekwe/Desktop/store-manager-frontend/src/Routes.jsx
FN:8,(anonymous_0)
FNF:1
FNH:1
FNDA:1,(anonymous_0)
DA:8,2
DA:9,1
LF:2
LH:2
BRF:0
BRH:0
end_of_record
TN:
SF:/Users/chidinmaezekwe/Desktop/store-manager-frontend/src/actions/types.js
FNF:0
FNH:0
DA:1,5
DA:2,5
DA:3,5
LF:3
LH:3
BRF:0
BRH:0
end_of_record
TN:
SF:/Users/chidinmaezekwe/Desktop/store-manager-frontend/src/actions/usersAction.js
FN:15,(anonymous_0)
FN:19,(anonymous_1)
FN:24,(anonymous_2)
FN:29,(anonymous_3)
FN:29,(anonymous_4)
FNF:5
FNH:5
FNDA:1,(anonymous_0)
FNDA:1,(anonymous_1)
FNDA:1,(anonymous_2)
FNDA:1,(anonymous_3)
FNDA:1,(anonymous_4)
DA:15,4
DA:19,4
DA:24,4
DA:29,4
DA:30,1
DA:32,1
DA:33,1
DA:34,1
DA:36,1
DA:38,1
DA:39,1
DA:40,1
DA:41,1
DA:42,1
DA:43,1
DA:44,1
DA:45,0
DA:48,1
DA:50,0
DA:52,1
DA:54,1
DA:55,1
LF:22
LH:20
BRDA:42,0,0,0
BRDA:42,0,1,1
BRDA:43,1,0,1
BRDA:43,1,1,0
BRDA:48,2,0,0
BRDA:48,2,1,1
BRDA:48,3,0,1
BRDA:48,3,1,0
BRF:8
BRH:4
end_of_record
TN:
SF:/Users/chidinmaezekwe/Desktop/store-manager-frontend/src/components/Admin/Admin.jsx
FN:3,(anonymous_0)
FNF:1
FNH:1
FNDA:3,(anonymous_0)
DA:3,4
DA:4,3
LF:2
LH:2
BRF:0
BRH:0
end_of_record
TN:
SF:/Users/chidinmaezekwe/Desktop/store-manager-frontend/src/components/Attendant/Attendant.jsx
FN:3,(anonymous_0)
FNF:1
FNH:1
FNDA:3,(anonymous_0)
DA:3,4
DA:4,3
LF:2
LH:2
BRF:0
BRH:0
end_of_record
TN:
SF:/Users/chidinmaezekwe/Desktop/store-manager-frontend/src/components/common/Footer.jsx
FN:3,(anonymous_0)
FNF:1
FNH:1
FNDA:1,(anonymous_0)
DA:3,2
DA:4,1
LF:2
LH:2
BRF:0
BRH:0
end_of_record
TN:
SF:/Users/chidinmaezekwe/Desktop/store-manager-frontend/src/components/common/Login.jsx
FN:11,(anonymous_0)
FN:15,(anonymous_1)
FN:23,(anonymous_2)
FN:70,(anonymous_3)
FNF:4
FNH:3
FNDA:1,(anonymous_0)
FNDA:1,(anonymous_1)
FNDA:4,(anonymous_2)
FNDA:0,(anonymous_3)
DA:12,1
DA:16,1
DA:20,1
DA:26,4
DA:70,3
LF:5
LH:5
BRF:0
BRH:0
end_of_record
TN:
SF:/Users/chidinmaezekwe/Desktop/store-manager-frontend/src/components/common/NavBar.jsx
FN:3,(anonymous_0)
FNF:1
FNH:1
FNDA:4,(anonymous_0)
DA:3,2
DA:4,4
LF:2
LH:2
BRDA:13,0,0,3
BRDA:13,0,1,1
BRDA:44,1,0,3
BRDA:44,1,1,1
BRF:4
BRH:4
end_of_record
TN:
SF:/Users/chidinmaezekwe/Desktop/store-manager-frontend/src/components/common/ProductList.jsx
FN:4,(anonymous_0)
FNF:1
FNH:1
FNDA:1,(anonymous_0)
DA:5,1
LF:1
LH:1
BRF:0
BRH:0
end_of_record
TN:
SF:/Users/chidinmaezekwe/Desktop/store-manager-frontend/src/reducers/userReducer.js
FN:16,(anonymous_0)
FNF:1
FNH:1
FNDA:3,(anonymous_0)
DA:7,1
DA:17,3
DA:19,1
DA:24,1
DA:31,1
DA:37,0
LF:6
LH:5
BRDA:9,0,0,1
BRDA:9,0,1,1
BRDA:16,1,0,0
BRDA:17,2,0,1
BRDA:17,2,1,1
BRDA:17,2,2,1
BRDA:17,2,3,0
BRF:7
BRH:5
end_of_record
